# JRE version: OpenJDK Runtime Environment (10.0.2+13) (build 10.0.2+13-Ubuntu-1ubuntu0.18.04.4)
# Java VM: OpenJDK 64-Bit Server VM (10.0.2+13-Ubuntu-1ubuntu0.18.04.4, mixed mode, tiered, compressed oops, g1 gc, linux-amd64)
Heap:
 garbage-first heap   total 562176K, used 151888K [0x00000000c0000000, 0x0000000100000000)
  region size 1024K, 5 young (5120K), 5 survivors (5120K)
 Metaspace       used 124708K, capacity 127407K, committed 128128K, reserved 1163264K
  class space    used 13982K, capacity 14841K, committed 14976K, reserved 1048576K
GC Heap History (10 events):
Event: 10397,764 GC heap after
{Heap after GC invocations=170 (full 0):
 garbage-first heap   total 237568K, used 143958K [0x00000000c0000000, 0x0000000100000000)
  region size 1024K, 1 young (1024K), 1 survivors (1024K)
 Metaspace       used 124692K, capacity 127404K, committed 128128K, reserved 1163264K
  class space    used 13982K, capacity 14840K, committed 14976K, reserved 1048576K
}
Event: 10398,053 GC heap before
{Heap before GC invocations=170 (full 0):
 garbage-first heap   total 237568K, used 154198K [0x00000000c0000000, 0x0000000100000000)
  region size 1024K, 11 young (11264K), 1 survivors (1024K)
 Metaspace       used 124694K, capacity 127407K, committed 128128K, reserved 1163264K
  class space    used 13982K, capacity 14841K, committed 14976K, reserved 1048576K
}
Event: 10398,062 GC heap after
{Heap after GC invocations=171 (full 0):
 garbage-first heap   total 237568K, used 144402K [0x00000000c0000000, 0x0000000100000000)
  region size 1024K, 2 young (2048K), 2 survivors (2048K)
 Metaspace       used 124694K, capacity 127407K, committed 128128K, reserved 1163264K
  class space    used 13982K, capacity 14841K, committed 14976K, reserved 1048576K
}
Event: 10399,158 GC heap before
{Heap before GC invocations=171 (full 0):
 garbage-first heap   total 237568K, used 181266K [0x00000000c0000000, 0x0000000100000000)
  region size 1024K, 38 young (38912K), 2 survivors (2048K)
 Metaspace       used 124697K, capacity 127407K, committed 128128K, reserved 1163264K
  class space    used 13982K, capacity 14841K, committed 14976K, reserved 1048576K
}
Event: 10399,192 GC heap after
{Heap after GC invocations=172 (full 0):
 garbage-first heap   total 237568K, used 145441K [0x00000000c0000000, 0x0000000100000000)
  region size 1024K, 3 young (3072K), 3 survivors (3072K)
 Metaspace       used 124697K, capacity 127407K, committed 128128K, reserved 1163264K
  class space    used 13982K, capacity 14841K, committed 14976K, reserved 1048576K
}
Event: 10400,702 GC heap before
{Heap before GC invocations=172 (full 0):
 garbage-first heap   total 237568K, used 185377K [0x00000000c0000000, 0x0000000100000000)
  region size 1024K, 42 young (43008K), 3 survivors (3072K)
 Metaspace       used 124700K, capacity 127407K, committed 128128K, reserved 1163264K
  class space    used 13982K, capacity 14841K, committed 14976K, reserved 1048576K
}
Event: 10400,713 GC heap after
{Heap after GC invocations=173 (full 0):
 garbage-first heap   total 237568K, used 147520K [0x00000000c0000000, 0x0000000100000000)
  region size 1024K, 5 young (5120K), 5 survivors (5120K)
 Metaspace       used 124700K, capacity 127407K, committed 128128K, reserved 1163264K
  class space    used 13982K, capacity 14841K, committed 14976K, reserved 1048576K
}
Event: 10402,937 GC heap before
{Heap before GC invocations=173 (full 0):
 garbage-first heap   total 237568K, used 188480K [0x00000000c0000000, 0x0000000100000000)
  region size 1024K, 45 young (46080K), 5 survivors (5120K)
 Metaspace       used 124702K, capacity 127407K, committed 128128K, reserved 1163264K
  class space    used 13982K, capacity 14841K, committed 14976K, reserved 1048576K
}
Event: 10403,281 GC heap after
{Heap after GC invocations=174 (full 0):
 garbage-first heap   total 237568K, used 149469K [0x00000000c0000000, 0x0000000100000000)
  region size 1024K, 4 young (4096K), 4 survivors (4096K)
 Metaspace       used 124702K, capacity 127407K, committed 128128K, reserved 1163264K
  class space    used 13982K, capacity 14841K, committed 14976K, reserved 1048576K
}
Event: 10404,227 GC heap before
{Heap before GC invocations=174 (full 0):
 garbage-first heap   total 237568K, used 192477K [0x00000000c0000000, 0x0000000100000000)
  region size 1024K, 46 young (47104K), 4 survivors (4096K)
 Metaspace       used 124708K, capacity 127407K, committed 128128K, reserved 1163264K
  class space    used 13982K, capacity 14841K, committed 14976K, reserved 1048576K
}

